app/build/outputs/logs/manifest-merger-debug-report.txt
-- Merging decision tree log ---
manifest
ADDED from src/main/AndroidManifest.xml:2:1-132:12
	package
		ADDED from src/main/AndroidManifest.xml:3:5-39
		INJECTED from src/main/AndroidManifest.xml
		INJECTED from src/main/AndroidManifest.xml
	android:versionName
		INJECTED from src/main/AndroidManifest.xml
		INJECTED from src/main/AndroidManifest.xml
	xmlns:android
		ADDED from src/main/AndroidManifest.xml:2:11-69
	android:versionCode
		INJECTED from src/main/AndroidManifest.xml
		INJECTED from src/main/AndroidManifest.xml
uses-permission#android.permission.CALL_PHONE
ADDED from src/main/AndroidManifest.xml:5:5-69
	android:name
		ADDED from src/main/AndroidManifest.xml:5:22-66
uses-permission#android.permission.ACCESS_FINE_LOCATION
ADDED from src/main/AndroidManifest.xml:6:5-79
	android:name
		ADDED from src/main/AndroidManifest.xml:6:22-76
uses-permission#android.permission.ACCESS_COARSE_LOCATION
ADDED from src/main/AndroidManifest.xml:7:5-81
	android:name
		ADDED from src/main/AndroidManifest.xml:7:22-78
application
ADDED from src/main/AndroidManifest.xml:9:5-130:19
MERGED from [com.google.android.gms:play-services:10.2.1] AndroidManifest.xml:5:5-20
MERGED from [com.google.android.gms:play-services-ads-lite:10.2.1] AndroidManifest.xml:23:5-27:19
MERGED from [com.google.android.gms:play-services-analytics:10.2.1] AndroidManifest.xml:26:5-19
MERGED from [com.google.android.gms:play-services-appinvite:10.2.1] AndroidManifest.xml:19:5-26:19
MERGED from [com.google.android.gms:play-services-auth:10.2.1] AndroidManifest.xml:19:5-25:19
MERGED from [com.google.android.gms:play-services-cast-framework:10.2.1] AndroidManifest.xml:4:5-8:19
MERGED from [com.google.android.gms:play-services-cast:10.2.1] AndroidManifest.xml:18:5-19
MERGED from [com.android.support:mediarouter-v7:24.0.0] AndroidManifest.xml:22:5-20
MERGED from [com.android.support:palette-v7:24.0.0] AndroidManifest.xml:22:5-23:19
MERGED from [com.android.support:appcompat-v7:25.1.1] AndroidManifest.xml:25:5-20
MERGED from [com.android.support:animated-vector-drawable:25.1.1] AndroidManifest.xml:22:5-20
MERGED from [com.android.support:support-vector-drawable:25.1.1] AndroidManifest.xml:23:5-20
MERGED from [com.google.android.gms:play-services-clearcut:10.2.1] AndroidManifest.xml:18:5-19
MERGED from [com.google.firebase:firebase-config:10.2.1] AndroidManifest.xml:18:5-19
MERGED from [com.google.android.gms:play-services-awareness:10.2.1] AndroidManifest.xml:18:5-19
MERGED from [com.google.firebase:firebase-crash:10.2.1] AndroidManifest.xml:22:5-23:19
MERGED from [com.google.firebase:firebase-auth:10.2.1] AndroidManifest.xml:19:5-20:19
MERGED from [com.google.firebase:firebase-messaging:10.2.1] AndroidManifest.xml:19:5-29:19
MERGED from [com.google.android.gms:play-services-fitness:10.2.1] AndroidManifest.xml:18:5-19
MERGED from [com.google.android.gms:play-services-games:10.2.1] AndroidManifest.xml:18:5-19
MERGED from [com.google.android.gms:play-services-drive:10.2.1] AndroidManifest.xml:18:5-19
MERGED from [com.google.android.gms:play-services-gass:10.2.1] AndroidManifest.xml:4:5-19
MERGED from [com.google.android.gms:play-services-gcm:10.2.1] AndroidManifest.xml:23:5-19
MERGED from [com.google.firebase:firebase-appindexing:10.2.1] AndroidManifest.xml:18:5-19
MERGED from [com.google.android.gms:play-services-iid:10.2.1] AndroidManifest.xml:23:5-19
MERGED from [com.google.android.gms:play-services-location:10.2.1] AndroidManifest.xml:4:5-19
MERGED from [com.google.android.gms:play-services-nearby:10.2.1] AndroidManifest.xml:5:5-19
MERGED from [com.google.android.gms:play-services-panorama:10.2.1] AndroidManifest.xml:18:5-19
MERGED from [com.google.android.gms:play-services-places:10.2.1] AndroidManifest.xml:18:5-19
MERGED from [com.google.android.gms:play-services-plus:10.2.1] AndroidManifest.xml:18:5-19
MERGED from [com.google.android.gms:play-services-safetynet:10.2.1] AndroidManifest.xml:18:5-19
MERGED from [com.google.android.gms:play-services-tagmanager-api:10.2.1] AndroidManifest.xml:23:5-33:19
MERGED from [com.google.firebase:firebase-analytics:10.2.1] AndroidManifest.xml:24:5-33:19
MERGED from [com.google.firebase:firebase-analytics-impl:10.2.1] AndroidManifest.xml:24:5-28:19
MERGED from [com.google.firebase:firebase-iid:10.2.1] AndroidManifest.xml:28:5-49:19
MERGED from [com.google.firebase:firebase-common:10.2.1] AndroidManifest.xml:4:5-7:19
MERGED from [com.google.android.gms:play-services-tagmanager-v4-impl:10.2.1] AndroidManifest.xml:19:5-19
MERGED from [com.google.android.gms:play-services-analytics-impl:10.2.1] AndroidManifest.xml:26:5-19
MERGED from [com.google.android.gms:play-services-vision:10.2.1] AndroidManifest.xml:4:5-19
MERGED from [com.google.android.gms:play-services-identity:10.2.1] AndroidManifest.xml:18:5-19
MERGED from [com.google.android.gms:play-services-wearable:10.2.1] AndroidManifest.xml:18:5-19
MERGED from [com.google.maps.android:android-maps-utils:0.4.4] AndroidManifest.xml:7:5-11:19
MERGED from [com.google.android.gms:play-services-maps:10.2.1] AndroidManifest.xml:24:5-19
MERGED from [com.google.android.gms:play-services-base:10.2.1] AndroidManifest.xml:18:5-20:19
MERGED from [com.google.android.gms:play-services-tasks:10.2.1] AndroidManifest.xml:4:5-19
MERGED from [com.google.android.gms:play-services-basement:10.2.1] AndroidManifest.xml:19:5-21:19
MERGED from [com.android.support:support-v4:25.1.1] AndroidManifest.xml:25:5-20
MERGED from [com.android.support:support-fragment:25.1.1] AndroidManifest.xml:25:5-20
MERGED from [com.android.support:support-media-compat:25.1.1] AndroidManifest.xml:25:5-20
MERGED from [com.android.support:support-core-ui:25.1.1] AndroidManifest.xml:25:5-20
MERGED from [com.android.support:support-core-utils:25.1.1] AndroidManifest.xml:25:5-20
MERGED from [com.android.support:support-compat:25.1.1] AndroidManifest.xml:25:5-20
MERGED from [com.android.support.constraint:constraint-layout:1.0.2] AndroidManifest.xml:9:5-20
	android:label
		ADDED from src/main/AndroidManifest.xml:12:9-31
	android:supportsRtl
		ADDED from src/main/AndroidManifest.xml:13:9-35
	android:allowBackup
		ADDED from src/main/AndroidManifest.xml:10:9-35
	android:icon
		ADDED from src/main/AndroidManifest.xml:11:9-43
	android:theme
		ADDED from src/main/AndroidManifest.xml:14:9-40
activity#com.example.mathe.pehelp.SplashActivity
ADDED from src/main/AndroidManifest.xml:15:9-21:20
	android:name
		ADDED from src/main/AndroidManifest.xml:15:19-49
intent-filter#android.intent.action.MAIN+android.intent.category.LAUNCHER
ADDED from src/main/AndroidManifest.xml:16:13-20:29
action#android.intent.action.MAIN
ADDED from src/main/AndroidManifest.xml:17:17-69
	android:name
		ADDED from src/main/AndroidManifest.xml:17:25-66
category#android.intent.category.LAUNCHER
ADDED from src/main/AndroidManifest.xml:19:17-77
	android:name
		ADDED from src/main/AndroidManifest.xml:19:27-74
activity#com.example.mathe.pehelp.EmergenciaActivity
ADDED from src/main/AndroidManifest.xml:22:9-28:20
	android:name
		ADDED from src/main/AndroidManifest.xml:22:19-53
intent-filter#android.intent.category.DEFAULT+com.example.mathe.teladecadastro.BotaoEmergenciaActivity
ADDED from src/main/AndroidManifest.xml:23:13-27:29
action#com.example.mathe.teladecadastro.BotaoEmergenciaActivity
ADDED from src/main/AndroidManifest.xml:24:17-99
	android:name
		ADDED from src/main/AndroidManifest.xml:24:25-96
category#android.intent.category.DEFAULT
ADDED from src/main/AndroidManifest.xml:26:17-76
	android:name
		ADDED from src/main/AndroidManifest.xml:26:27-73
activity#com.example.mathe.pehelp.LoginActivity
ADDED from src/main/AndroidManifest.xml:30:9-36:20
	android:name
		ADDED from src/main/AndroidManifest.xml:30:19-48
intent-filter#android.intent.category.DEFAULT+com.example.pehelp.LoginActivity
ADDED from src/main/AndroidManifest.xml:31:13-35:29
action#com.example.pehelp.LoginActivity
ADDED from src/main/AndroidManifest.xml:32:17-75
	android:name
		ADDED from src/main/AndroidManifest.xml:32:25-72
activity#com.example.mathe.pehelp.MenuActivity
ADDED from src/main/AndroidManifest.xml:37:9-43:20
	android:name
		ADDED from src/main/AndroidManifest.xml:37:19-47
intent-filter#android.intent.category.DEFAULT+com.example.pehelp.MenuActivity
ADDED from src/main/AndroidManifest.xml:38:13-42:29
action#com.example.pehelp.MenuActivity
ADDED from src/main/AndroidManifest.xml:39:17-74
	android:name
		ADDED from src/main/AndroidManifest.xml:39:25-71
activity#com.example.mathe.informacoes.InformacoesActivity
ADDED from src/main/AndroidManifest.xml:44:9-50:20
	android:name
		ADDED from src/main/AndroidManifest.xml:44:19-83
intent-filter#android.intent.category.DEFAULT+com.example.pehelp.InformacoesActivity
ADDED from src/main/AndroidManifest.xml:45:13-49:29
action#com.example.pehelp.InformacoesActivity
ADDED from src/main/AndroidManifest.xml:46:17-81
	android:name
		ADDED from src/main/AndroidManifest.xml:46:25-78
activity#com.example.mathe.informacoes.PrimeiraInformacaoActivity
ADDED from src/main/AndroidManifest.xml:51:9-57:20
	android:name
		ADDED from src/main/AndroidManifest.xml:51:19-90
intent-filter#android.intent.category.DEFAULT+com.example.pehelp.PrimeiraInformacaoActivity
ADDED from src/main/AndroidManifest.xml:52:13-56:29
action#com.example.pehelp.PrimeiraInformacaoActivity
ADDED from src/main/AndroidManifest.xml:53:17-88
	android:name
		ADDED from src/main/AndroidManifest.xml:53:25-85
activity#com.example.mathe.informacoes.SegundaInformacaoActivity
ADDED from src/main/AndroidManifest.xml:58:9-64:20
	android:name
		ADDED from src/main/AndroidManifest.xml:58:19-89
intent-filter#android.intent.category.DEFAULT+com.example.pehelp.SegundaInformacaoActivity
ADDED from src/main/AndroidManifest.xml:59:13-63:29
action#com.example.pehelp.SegundaInformacaoActivity
ADDED from src/main/AndroidManifest.xml:60:17-87
	android:name
		ADDED from src/main/AndroidManifest.xml:60:25-84
activity#com.example.mathe.informacoes.TerceirainformacaoActivity
ADDED from src/main/AndroidManifest.xml:65:9-71:20
	android:name
		ADDED from src/main/AndroidManifest.xml:65:19-90
intent-filter#android.intent.category.DEFAULT+com.example.pehelp.TerceirainformacaoActivity
ADDED from src/main/AndroidManifest.xml:66:13-70:29
action#com.example.pehelp.TerceirainformacaoActivity
ADDED from src/main/AndroidManifest.xml:67:17-88
	android:name
		ADDED from src/main/AndroidManifest.xml:67:25-85
activity#com.example.mathe.informacoes.QuartainformacaoActivity
ADDED from src/main/AndroidManifest.xml:72:9-78:20
	android:name
		ADDED from src/main/AndroidManifest.xml:72:19-88
intent-filter#android.intent.category.DEFAULT+com.example.pehelp.QuartainformacaoActivity
ADDED from src/main/AndroidManifest.xml:73:13-77:29
action#com.example.pehelp.QuartainformacaoActivity
ADDED from src/main/AndroidManifest.xml:74:17-86
	android:name
		ADDED from src/main/AndroidManifest.xml:74:25-83
activity#com.example.mathe.pehelp.CadastroActivity
ADDED from src/main/AndroidManifest.xml:80:9-86:20
	android:name
		ADDED from src/main/AndroidManifest.xml:80:19-51
intent-filter#android.intent.category.DEFAULT+com.example.pehelp.CadastroActivity
ADDED from src/main/AndroidManifest.xml:81:13-85:29
action#com.example.pehelp.CadastroActivity
ADDED from src/main/AndroidManifest.xml:82:17-78
	android:name
		ADDED from src/main/AndroidManifest.xml:82:25-75
activity#com.example.mathe.pehelp.MenuUsuarioActivity
ADDED from src/main/AndroidManifest.xml:88:9-94:20
	android:name
		ADDED from src/main/AndroidManifest.xml:88:19-78
intent-filter#android.intent.category.DEFAULT+com.example.pehelp.MenuUsuarioActivity
ADDED from src/main/AndroidManifest.xml:89:13-93:29
action#com.example.pehelp.MenuUsuarioActivity
ADDED from src/main/AndroidManifest.xml:90:17-81
	android:name
		ADDED from src/main/AndroidManifest.xml:90:25-78
activity#com.example.mathe.pehelp.CadastroContatoActivity
ADDED from src/main/AndroidManifest.xml:96:9-102:20
	android:name
		ADDED from src/main/AndroidManifest.xml:96:19-82
intent-filter#android.intent.category.DEFAULT+com.example.mathe.pehelp.CadastroContatoActivity
ADDED from src/main/AndroidManifest.xml:97:13-101:29
action#com.example.mathe.pehelp.CadastroContatoActivity
ADDED from src/main/AndroidManifest.xml:98:17-91
	android:name
		ADDED from src/main/AndroidManifest.xml:98:25-88
activity#com.example.mathe.pehelp.ContatoDeConfianca
ADDED from src/main/AndroidManifest.xml:104:9-109:20
	android:name
		ADDED from src/main/AndroidManifest.xml:104:19-53
intent-filter#android.intent.category.DEFAULT+com.example.mathe.pehelp.ContatoDeConfianca
ADDED from src/main/AndroidManifest.xml:105:13-108:29
action#com.example.mathe.pehelp.ContatoDeConfianca
ADDED from src/main/AndroidManifest.xml:106:17-86
	android:name
		ADDED from src/main/AndroidManifest.xml:106:25-83
meta-data#com.google.android.geo.API_KEY
ADDED from src/main/AndroidManifest.xml:119:9-121:55
	android:value
		ADDED from src/main/AndroidManifest.xml:121:13-52
	android:name
		ADDED from src/main/AndroidManifest.xml:120:13-58
activity#com.example.mathe.pehelp.MapsActivity
ADDED from src/main/AndroidManifest.xml:123:9-125:59
	android:label
		ADDED from src/main/AndroidManifest.xml:125:13-56
	android:name
		ADDED from src/main/AndroidManifest.xml:124:13-41
meta-data#com.google.android.gms.version
ADDED from src/main/AndroidManifest.xml:127:9-129:69
MERGED from [com.google.maps.android:android-maps-utils:0.4.4] AndroidManifest.xml:8:9-10:69
MERGED from [com.google.android.gms:play-services-basement:10.2.1] AndroidManifest.xml:20:9-121
	android:value
		ADDED from src/main/AndroidManifest.xml:129:13-66
	android:name
		ADDED from src/main/AndroidManifest.xml:128:13-58
uses-sdk
INJECTED from src/main/AndroidManifest.xml reason: use-sdk injection requested
MERGED from [com.google.android.gms:play-services:10.2.1] AndroidManifest.xml:4:5-43
MERGED from [com.google.android.gms:play-services-ads:10.2.1] AndroidManifest.xml:17:5-43
MERGED from [com.google.android.gms:play-services-ads-lite:10.2.1] AndroidManifest.xml:22:5-43
MERGED from [com.google.android.gms:play-services-analytics:10.2.1] AndroidManifest.xml:17:5-43
MERGED from [com.google.android.gms:play-services-appinvite:10.2.1] AndroidManifest.xml:17:5-43
MERGED from [com.google.android.gms:play-services-auth:10.2.1] AndroidManifest.xml:17:5-43
MERGED from [com.google.android.gms:play-services-auth-base:10.2.1] AndroidManifest.xml:4:5-43
MERGED from [com.google.android.gms:play-services-cast-framework:10.2.1] AndroidManifest.xml:3:5-43
MERGED from [com.google.android.gms:play-services-cast:10.2.1] AndroidManifest.xml:17:5-43
MERGED from [com.android.support:mediarouter-v7:24.0.0] AndroidManifest.xml:20:5-43
MERGED from [com.android.support:palette-v7:24.0.0] AndroidManifest.xml:20:5-43
MERGED from [com.android.support:appcompat-v7:25.1.1] AndroidManifest.xml:21:5-23:78
MERGED from [com.android.support:animated-vector-drawable:25.1.1] AndroidManifest.xml:20:5-44
MERGED from [com.android.support:support-vector-drawable:25.1.1] AndroidManifest.xml:21:5-43
MERGED from [com.google.android.gms:play-services-clearcut:10.2.1] AndroidManifest.xml:17:5-43
MERGED from [com.google.firebase:firebase-config:10.2.1] AndroidManifest.xml:17:5-43
MERGED from [com.google.android.gms:play-services-awareness:10.2.1] AndroidManifest.xml:17:5-43
MERGED from [com.google.firebase:firebase-crash:10.2.1] AndroidManifest.xml:20:5-43
MERGED from [com.google.firebase:firebase-auth:10.2.1] AndroidManifest.xml:17:5-43
MERGED from [com.google.firebase:firebase-database:10.2.1] AndroidManifest.xml:3:5-43
MERGED from [com.google.firebase:firebase-database-connection:10.2.1] AndroidManifest.xml:3:5-43
MERGED from [com.google.firebase:firebase-messaging:10.2.1] AndroidManifest.xml:17:5-43
MERGED from [com.google.firebase:firebase-storage:10.2.1] AndroidManifest.xml:3:5-43
MERGED from [com.google.firebase:firebase-storage-common:10.2.1] AndroidManifest.xml:3:5-43
MERGED from [com.google.android.gms:play-services-fitness:10.2.1] AndroidManifest.xml:17:5-43
MERGED from [com.google.android.gms:play-services-games:10.2.1] AndroidManifest.xml:17:5-43
MERGED from [com.google.android.gms:play-services-drive:10.2.1] AndroidManifest.xml:17:5-43
MERGED from [com.google.android.gms:play-services-gass:10.2.1] AndroidManifest.xml:3:5-43
MERGED from [com.google.android.gms:play-services-gcm:10.2.1] AndroidManifest.xml:17:5-43
MERGED from [com.google.firebase:firebase-appindexing:10.2.1] AndroidManifest.xml:17:5-43
MERGED from [com.google.android.gms:play-services-iid:10.2.1] AndroidManifest.xml:17:5-43
MERGED from [com.google.android.gms:play-services-instantapps:10.2.1] AndroidManifest.xml:3:5-43
MERGED from [com.google.android.gms:play-services-location:10.2.1] AndroidManifest.xml:3:5-43
MERGED from [com.google.android.gms:play-services-nearby:10.2.1] AndroidManifest.xml:3:5-43
MERGED from [com.google.android.gms:play-services-panorama:10.2.1] AndroidManifest.xml:17:5-43
MERGED from [com.google.android.gms:play-services-places:10.2.1] AndroidManifest.xml:17:5-43
MERGED from [com.google.android.gms:play-services-plus:10.2.1] AndroidManifest.xml:17:5-43
MERGED from [com.google.android.gms:play-services-safetynet:10.2.1] AndroidManifest.xml:17:5-43
MERGED from [com.google.android.gms:play-services-tagmanager:10.2.1] AndroidManifest.xml:17:5-43
MERGED from [com.google.android.gms:play-services-tagmanager-api:10.2.1] AndroidManifest.xml:17:5-43
MERGED from [com.google.firebase:firebase-analytics:10.2.1] AndroidManifest.xml:17:5-43
MERGED from [com.google.firebase:firebase-analytics-impl:10.2.1] AndroidManifest.xml:17:5-43
MERGED from [com.google.firebase:firebase-iid:10.2.1] AndroidManifest.xml:17:5-43
MERGED from [com.google.firebase:firebase-common:10.2.1] AndroidManifest.xml:3:5-43
MERGED from [com.google.android.gms:play-services-tagmanager-v4-impl:10.2.1] AndroidManifest.xml:17:5-43
MERGED from [com.google.android.gms:play-services-analytics-impl:10.2.1] AndroidManifest.xml:17:5-43
MERGED from [com.google.android.gms:play-services-vision:10.2.1] AndroidManifest.xml:3:5-43
MERGED from [com.google.android.gms:play-services-wallet:10.2.1] AndroidManifest.xml:18:5-43
MERGED from [com.google.android.gms:play-services-identity:10.2.1] AndroidManifest.xml:17:5-43
MERGED from [com.google.android.gms:play-services-wearable:10.2.1] AndroidManifest.xml:17:5-43
MERGED from [com.google.maps.android:android-maps-utils:0.4.4] AndroidManifest.xml:5:5-43
MERGED from [com.google.android.gms:play-services-maps:10.2.1] AndroidManifest.xml:23:5-43
MERGED from [com.google.android.gms:play-services-base:10.2.1] AndroidManifest.xml:17:5-43
MERGED from [com.google.android.gms:play-services-tasks:10.2.1] AndroidManifest.xml:3:5-43
MERGED from [com.google.android.gms:play-services-basement:10.2.1] AndroidManifest.xml:17:5-43
MERGED from [com.android.support:support-v4:25.1.1] AndroidManifest.xml:21:5-23:54
MERGED from [com.android.support:support-fragment:25.1.1] AndroidManifest.xml:21:5-23:60
MERGED from [com.android.support:support-media-compat:25.1.1] AndroidManifest.xml:21:5-23:63
MERGED from [com.android.support:support-core-ui:25.1.1] AndroidManifest.xml:21:5-23:58
MERGED from [com.android.support:support-core-utils:25.1.1] AndroidManifest.xml:21:5-23:61
MERGED from [com.android.support:support-compat:25.1.1] AndroidManifest.xml:21:5-23:58
MERGED from [com.android.support.constraint:constraint-layout:1.0.2] AndroidManifest.xml:5:5-7:41
	tools:overrideLibrary
		ADDED from [com.android.support:appcompat-v7:25.1.1] AndroidManifest.xml:23:9-75
	android:targetSdkVersion
		INJECTED from src/main/AndroidManifest.xml
		INJECTED from src/main/AndroidManifest.xml
	android:minSdkVersion
		INJECTED from src/main/AndroidManifest.xml
		INJECTED from src/main/AndroidManifest.xml
uses-permission#android.permission.INTERNET
ADDED from [com.google.android.gms:play-services-ads-lite:10.2.1] AndroidManifest.xml:19:5-66
MERGED from [com.google.android.gms:play-services-analytics:10.2.1] AndroidManifest.xml:20:5-66
MERGED from [com.google.android.gms:play-services-appinvite:10.2.1] AndroidManifest.xml:18:5-66
MERGED from [com.google.firebase:firebase-crash:10.2.1] AndroidManifest.xml:18:5-66
MERGED from [com.google.android.gms:play-services-gcm:10.2.1] AndroidManifest.xml:21:5-66
MERGED from [com.google.android.gms:play-services-iid:10.2.1] AndroidManifest.xml:21:5-66
MERGED from [com.google.android.gms:play-services-tagmanager-api:10.2.1] AndroidManifest.xml:20:5-66
MERGED from [com.google.firebase:firebase-analytics:10.2.1] AndroidManifest.xml:20:5-66
MERGED from [com.google.firebase:firebase-analytics-impl:10.2.1] AndroidManifest.xml:20:5-66
MERGED from [com.google.firebase:firebase-iid:10.2.1] AndroidManifest.xml:20:5-66
MERGED from [com.google.android.gms:play-services-analytics-impl:10.2.1] AndroidManifest.xml:20:5-66
MERGED from [com.google.android.gms:play-services-maps:10.2.1] AndroidManifest.xml:20:5-66
	android:name
		ADDED from [com.google.android.gms:play-services-ads-lite:10.2.1] AndroidManifest.xml:19:22-64
uses-permission#android.permission.ACCESS_NETWORK_STATE
ADDED from [com.google.android.gms:play-services-ads-lite:10.2.1] AndroidManifest.xml:20:5-78
MERGED from [com.google.android.gms:play-services-analytics:10.2.1] AndroidManifest.xml:21:5-78
MERGED from [com.google.android.gms:play-services-nearby:10.2.1] AndroidManifest.xml:4:5-78
MERGED from [com.google.android.gms:play-services-tagmanager-api:10.2.1] AndroidManifest.xml:21:5-78
MERGED from [com.google.firebase:firebase-analytics:10.2.1] AndroidManifest.xml:21:5-78
MERGED from [com.google.firebase:firebase-analytics-impl:10.2.1] AndroidManifest.xml:21:5-78
MERGED from [com.google.firebase:firebase-iid:10.2.1] AndroidManifest.xml:19:5-78
MERGED from [com.google.android.gms:play-services-analytics-impl:10.2.1] AndroidManifest.xml:21:5-78
MERGED from [com.google.android.gms:play-services-maps:10.2.1] AndroidManifest.xml:19:5-78
	android:name
		ADDED from [com.google.android.gms:play-services-ads-lite:10.2.1] AndroidManifest.xml:20:22-76
activity#com.google.android.gms.ads.AdActivity
ADDED from [com.google.android.gms:play-services-ads-lite:10.2.1] AndroidManifest.xml:25:9-232
	android:configChanges
		ADDED from [com.google.android.gms:play-services-ads-lite:10.2.1] AndroidManifest.xml:25:72-181
	android:theme
		ADDED from [com.google.android.gms:play-services-ads-lite:10.2.1] AndroidManifest.xml:25:182-230
	android:name
		ADDED from [com.google.android.gms:play-services-ads-lite:10.2.1] AndroidManifest.xml:25:19-71
activity#com.google.android.gms.ads.purchase.InAppPurchaseActivity
ADDED from [com.google.android.gms:play-services-ads-lite:10.2.1] AndroidManifest.xml:26:9-131
	android:theme
		ADDED from [com.google.android.gms:play-services-ads-lite:10.2.1] AndroidManifest.xml:26:92-129
	android:name
		ADDED from [com.google.android.gms:play-services-ads-lite:10.2.1] AndroidManifest.xml:26:19-91
uses-permission#android.permission.WAKE_LOCK
ADDED from [com.google.android.gms:play-services-analytics:10.2.1] AndroidManifest.xml:24:5-67
MERGED from [com.google.firebase:firebase-analytics:10.2.1] AndroidManifest.xml:22:5-67
MERGED from [com.google.firebase:firebase-analytics-impl:10.2.1] AndroidManifest.xml:22:5-67
MERGED from [com.google.firebase:firebase-iid:10.2.1] AndroidManifest.xml:21:5-67
MERGED from [com.google.android.gms:play-services-analytics-impl:10.2.1] AndroidManifest.xml:24:5-67
	android:name
		ADDED from [com.google.android.gms:play-services-analytics:10.2.1] AndroidManifest.xml:24:22-65
activity#com.google.android.gms.appinvite.PreviewActivity
ADDED from [com.google.android.gms:play-services-appinvite:10.2.1] AndroidManifest.xml:20:9-25:20
	android:exported
		ADDED from [com.google.android.gms:play-services-appinvite:10.2.1] AndroidManifest.xml:20:51-74
	android:theme
		ADDED from [com.google.android.gms:play-services-appinvite:10.2.1] AndroidManifest.xml:20:75-121
	android:name
		ADDED from [com.google.android.gms:play-services-appinvite:10.2.1] AndroidManifest.xml:20:19-50
intent-filter#android.intent.category.DEFAULT+com.google.android.gms.appinvite.ACTION_PREVIEW
ADDED from [com.google.android.gms:play-services-appinvite:10.2.1] AndroidManifest.xml:21:13-24:29
action#com.google.android.gms.appinvite.ACTION_PREVIEW
ADDED from [com.google.android.gms:play-services-appinvite:10.2.1] AndroidManifest.xml:22:17-89
	android:name
		ADDED from [com.google.android.gms:play-services-appinvite:10.2.1] AndroidManifest.xml:22:25-87
activity#com.google.android.gms.auth.api.signin.internal.SignInHubActivity
ADDED from [com.google.android.gms:play-services-auth:10.2.1] AndroidManifest.xml:20:9-189
	android:excludeFromRecents
		ADDED from [com.google.android.gms:play-services-auth:10.2.1] AndroidManifest.xml:20:129-162
	android:exported
		ADDED from [com.google.android.gms:play-services-auth:10.2.1] AndroidManifest.xml:20:163-187
	android:theme
		ADDED from [com.google.android.gms:play-services-auth:10.2.1] AndroidManifest.xml:20:69-128
	android:name
		ADDED from [com.google.android.gms:play-services-auth:10.2.1] AndroidManifest.xml:20:19-68
service#com.google.android.gms.auth.api.signin.RevocationBoundService
ADDED from [com.google.android.gms:play-services-auth:10.2.1] AndroidManifest.xml:24:9-184
	android:exported
		ADDED from [com.google.android.gms:play-services-auth:10.2.1] AndroidManifest.xml:24:64-87
	android:permission
		ADDED from [com.google.android.gms:play-services-auth:10.2.1] AndroidManifest.xml:24:88-182
	android:name
		ADDED from [com.google.android.gms:play-services-auth:10.2.1] AndroidManifest.xml:24:18-63
receiver#com.google.android.gms.cast.framework.media.MediaIntentReceiver
ADDED from [com.google.android.gms:play-services-cast-framework:10.2.1] AndroidManifest.xml:5:9-99
	android:name
		ADDED from [com.google.android.gms:play-services-cast-framework:10.2.1] AndroidManifest.xml:5:19-97
service#com.google.android.gms.cast.framework.media.MediaNotificationService
ADDED from [com.google.android.gms:play-services-cast-framework:10.2.1] AndroidManifest.xml:6:9-103
	android:name
		ADDED from [com.google.android.gms:play-services-cast-framework:10.2.1] AndroidManifest.xml:6:18-101
service#com.google.android.gms.cast.framework.ReconnectionService
ADDED from [com.google.android.gms:play-services-cast-framework:10.2.1] AndroidManifest.xml:7:9-92
	android:name
		ADDED from [com.google.android.gms:play-services-cast-framework:10.2.1] AndroidManifest.xml:7:18-90
service#com.google.firebase.messaging.FirebaseMessagingService
ADDED from [com.google.firebase:firebase-messaging:10.2.1] AndroidManifest.xml:23:9-27:19
	android:exported
		ADDED from [com.google.firebase:firebase-messaging:10.2.1] AndroidManifest.xml:23:88-111
	android:name
		ADDED from [com.google.firebase:firebase-messaging:10.2.1] AndroidManifest.xml:23:18-87
intent-filter#com.google.firebase.MESSAGING_EVENT
ADDED from [com.google.firebase:firebase-messaging:10.2.1] AndroidManifest.xml:24:13-26:29
	android:priority
		ADDED from [com.google.firebase:firebase-messaging:10.2.1] AndroidManifest.xml:24:28-51
action#com.google.firebase.MESSAGING_EVENT
ADDED from [com.google.firebase:firebase-messaging:10.2.1] AndroidManifest.xml:25:17-77
	android:name
		ADDED from [com.google.firebase:firebase-messaging:10.2.1] AndroidManifest.xml:25:25-75
uses-permission#com.google.android.c2dm.permission.RECEIVE
ADDED from [com.google.android.gms:play-services-gcm:10.2.1] AndroidManifest.xml:20:5-81
MERGED from [com.google.android.gms:play-services-iid:10.2.1] AndroidManifest.xml:20:5-81
MERGED from [com.google.firebase:firebase-iid:10.2.1] AndroidManifest.xml:22:5-81
	android:name
		ADDED from [com.google.android.gms:play-services-gcm:10.2.1] AndroidManifest.xml:20:22-79
service#com.google.android.gms.tagmanager.TagManagerService
ADDED from [com.google.android.gms:play-services-tagmanager-api:10.2.1] AndroidManifest.xml:24:9-134
	android:enabled
		ADDED from [com.google.android.gms:play-services-tagmanager-api:10.2.1] AndroidManifest.xml:24:110-132
	android:exported
		ADDED from [com.google.android.gms:play-services-tagmanager-api:10.2.1] AndroidManifest.xml:24:85-109
	android:name
		ADDED from [com.google.android.gms:play-services-tagmanager-api:10.2.1] AndroidManifest.xml:24:18-84
activity#com.google.android.gms.tagmanager.TagManagerPreviewActivity
ADDED from [com.google.android.gms:play-services-tagmanager-api:10.2.1] AndroidManifest.xml:25:9-32:20
	android:noHistory
		ADDED from [com.google.android.gms:play-services-tagmanager-api:10.2.1] AndroidManifest.xml:25:94-118
	android:name
		ADDED from [com.google.android.gms:play-services-tagmanager-api:10.2.1] AndroidManifest.xml:25:19-93
intent-filter#android.intent.action.VIEW+android.intent.category.BROWSABLE+android.intent.category.DEFAULT
ADDED from [com.google.android.gms:play-services-tagmanager-api:10.2.1] AndroidManifest.xml:26:13-31:29
data
ADDED from [com.google.android.gms:play-services-tagmanager-api:10.2.1] AndroidManifest.xml:27:17-71
	android:scheme
		ADDED from [com.google.android.gms:play-services-tagmanager-api:10.2.1] AndroidManifest.xml:27:23-69
action#android.intent.action.VIEW
ADDED from [com.google.android.gms:play-services-tagmanager-api:10.2.1] AndroidManifest.xml:28:17-68
	android:name
		ADDED from [com.google.android.gms:play-services-tagmanager-api:10.2.1] AndroidManifest.xml:28:25-66
category#android.intent.category.BROWSABLE
ADDED from [com.google.android.gms:play-services-tagmanager-api:10.2.1] AndroidManifest.xml:30:17-77
	android:name
		ADDED from [com.google.android.gms:play-services-tagmanager-api:10.2.1] AndroidManifest.xml:30:27-75
receiver#com.google.android.gms.measurement.AppMeasurementReceiver
ADDED from [com.google.firebase:firebase-analytics:10.2.1] AndroidManifest.xml:25:7-26:18
MERGED from [com.google.firebase:firebase-analytics-impl:10.2.1] AndroidManifest.xml:25:7-26:18
	android:enabled
		ADDED from [com.google.firebase:firebase-analytics:10.2.1] AndroidManifest.xml:25:90-112
	android:exported